Determining if the pthread_create exist failed with the following output:
Change Dir: /home/adrienk/TEK4030-A2/exercise_2/ros_intro_ws/build/CMakeFiles/CMakeTmp

Run Build Command:"/usr/bin/make" "cmTC_45a53/fast"
/usr/bin/make -f CMakeFiles/cmTC_45a53.dir/build.make CMakeFiles/cmTC_45a53.dir/build
make[1] : on entre dans le répertoire « /home/adrienk/TEK4030-A2/exercise_2/ros_intro_ws/build/CMakeFiles/CMakeTmp »
Building C object CMakeFiles/cmTC_45a53.dir/CheckSymbolExists.c.o
/usr/bin/cc    -o CMakeFiles/cmTC_45a53.dir/CheckSymbolExists.c.o   -c /home/adrienk/TEK4030-A2/exercise_2/ros_intro_ws/build/CMakeFiles/CMakeTmp/CheckSymbolExists.c
Linking C executable cmTC_45a53
/usr/bin/cmake -E cmake_link_script CMakeFiles/cmTC_45a53.dir/link.txt --verbose=1
/usr/bin/cc      -rdynamic CMakeFiles/cmTC_45a53.dir/CheckSymbolExists.c.o  -o cmTC_45a53 
CMakeFiles/cmTC_45a53.dir/CheckSymbolExists.c.o : Dans la fonction « main » :
CheckSymbolExists.c:(.text+0x1b) : référence indéfinie vers « pthread_create »
collect2: error: ld returned 1 exit status
CMakeFiles/cmTC_45a53.dir/build.make:97: recipe for target 'cmTC_45a53' failed
make[1]: *** [cmTC_45a53] Error 1
make[1] : on quitte le répertoire « /home/adrienk/TEK4030-A2/exercise_2/ros_intro_ws/build/CMakeFiles/CMakeTmp »
Makefile:126: recipe for target 'cmTC_45a53/fast' failed
make: *** [cmTC_45a53/fast] Error 2

File /home/adrienk/TEK4030-A2/exercise_2/ros_intro_ws/build/CMakeFiles/CMakeTmp/CheckSymbolExists.c:
/* */
#include <pthread.h>

int main(int argc, char** argv)
{
  (void)argv;
#ifndef pthread_create
  return ((int*)(&pthread_create))[argc];
#else
  (void)argc;
  return 0;
#endif
}

Determining if the function pthread_create exists in the pthreads failed with the following output:
Change Dir: /home/adrienk/TEK4030-A2/exercise_2/ros_intro_ws/build/CMakeFiles/CMakeTmp

Run Build Command:"/usr/bin/make" "cmTC_96232/fast"
/usr/bin/make -f CMakeFiles/cmTC_96232.dir/build.make CMakeFiles/cmTC_96232.dir/build
make[1] : on entre dans le répertoire « /home/adrienk/TEK4030-A2/exercise_2/ros_intro_ws/build/CMakeFiles/CMakeTmp »
Building C object CMakeFiles/cmTC_96232.dir/CheckFunctionExists.c.o
/usr/bin/cc   -DCHECK_FUNCTION_EXISTS=pthread_create   -o CMakeFiles/cmTC_96232.dir/CheckFunctionExists.c.o   -c /usr/share/cmake-3.10/Modules/CheckFunctionExists.c
Linking C executable cmTC_96232
/usr/bin/cmake -E cmake_link_script CMakeFiles/cmTC_96232.dir/link.txt --verbose=1
/usr/bin/cc  -DCHECK_FUNCTION_EXISTS=pthread_create    -rdynamic CMakeFiles/cmTC_96232.dir/CheckFunctionExists.c.o  -o cmTC_96232 -lpthreads 
/usr/bin/ld : ne peut trouver -lpthreads
collect2: error: ld returned 1 exit status
CMakeFiles/cmTC_96232.dir/build.make:97: recipe for target 'cmTC_96232' failed
make[1]: *** [cmTC_96232] Error 1
make[1] : on quitte le répertoire « /home/adrienk/TEK4030-A2/exercise_2/ros_intro_ws/build/CMakeFiles/CMakeTmp »
Makefile:126: recipe for target 'cmTC_96232/fast' failed
make: *** [cmTC_96232/fast] Error 2


